<?xml version="1.0" encoding="UTF-8"?>
<testsuite xmlns:xsi="http://www.w3.org/2001/XMLSchema-instance" xsi:noNamespaceSchemaLocation="https://maven.apache.org/surefire/maven-surefire-plugin/xsd/surefire-test-report.xsd" name="TestSuite" time="35.465" tests="3" errors="0" skipped="0" failures="2">
  <properties>
    <property name="sun.desktop" value="windows"/>
    <property name="awt.toolkit" value="sun.awt.windows.WToolkit"/>
    <property name="file.encoding.pkg" value="sun.io"/>
    <property name="java.specification.version" value="1.8"/>
    <property name="sun.cpu.isalist" value="amd64"/>
    <property name="sun.jnu.encoding" value="Cp1251"/>
    <property name="java.class.path" value="d:\Automation\GitHub\onlinertest\target\test-classes;d:\Automation\GitHub\onlinertest\target\classes;C:\Users\maxim.volostnov\.m2\repository\org\seleniumhq\selenium\selenium-java\3.141.59\selenium-java-3.141.59.jar;C:\Users\maxim.volostnov\.m2\repository\org\seleniumhq\selenium\selenium-api\3.141.59\selenium-api-3.141.59.jar;C:\Users\maxim.volostnov\.m2\repository\org\seleniumhq\selenium\selenium-chrome-driver\3.141.59\selenium-chrome-driver-3.141.59.jar;C:\Users\maxim.volostnov\.m2\repository\org\seleniumhq\selenium\selenium-edge-driver\3.141.59\selenium-edge-driver-3.141.59.jar;C:\Users\maxim.volostnov\.m2\repository\org\seleniumhq\selenium\selenium-firefox-driver\3.141.59\selenium-firefox-driver-3.141.59.jar;C:\Users\maxim.volostnov\.m2\repository\org\seleniumhq\selenium\selenium-ie-driver\3.141.59\selenium-ie-driver-3.141.59.jar;C:\Users\maxim.volostnov\.m2\repository\org\seleniumhq\selenium\selenium-opera-driver\3.141.59\selenium-opera-driver-3.141.59.jar;C:\Users\maxim.volostnov\.m2\repository\org\seleniumhq\selenium\selenium-remote-driver\3.141.59\selenium-remote-driver-3.141.59.jar;C:\Users\maxim.volostnov\.m2\repository\org\seleniumhq\selenium\selenium-safari-driver\3.141.59\selenium-safari-driver-3.141.59.jar;C:\Users\maxim.volostnov\.m2\repository\org\seleniumhq\selenium\selenium-support\3.141.59\selenium-support-3.141.59.jar;C:\Users\maxim.volostnov\.m2\repository\net\bytebuddy\byte-buddy\1.8.15\byte-buddy-1.8.15.jar;C:\Users\maxim.volostnov\.m2\repository\org\apache\commons\commons-exec\1.3\commons-exec-1.3.jar;C:\Users\maxim.volostnov\.m2\repository\com\squareup\okhttp3\okhttp\3.11.0\okhttp-3.11.0.jar;C:\Users\maxim.volostnov\.m2\repository\com\squareup\okio\okio\1.14.0\okio-1.14.0.jar;C:\Users\maxim.volostnov\.m2\repository\org\testng\testng\7.0.0\testng-7.0.0.jar;C:\Users\maxim.volostnov\.m2\repository\com\beust\jcommander\1.72\jcommander-1.72.jar;C:\Users\maxim.volostnov\.m2\repository\log4j\log4j\1.2.17\log4j-1.2.17.jar;C:\Users\maxim.volostnov\.m2\repository\org\projectlombok\lombok\1.18.10\lombok-1.18.10.jar;C:\Users\maxim.volostnov\.m2\repository\org\assertj\assertj-core\3.14.0\assertj-core-3.14.0.jar;C:\Users\maxim.volostnov\.m2\repository\io\github\bonigarcia\webdrivermanager\3.7.1\webdrivermanager-3.7.1.jar;C:\Users\maxim.volostnov\.m2\repository\commons-io\commons-io\2.6\commons-io-2.6.jar;C:\Users\maxim.volostnov\.m2\repository\com\google\code\gson\gson\2.8.5\gson-2.8.5.jar;C:\Users\maxim.volostnov\.m2\repository\org\apache\commons\commons-lang3\3.8.1\commons-lang3-3.8.1.jar;C:\Users\maxim.volostnov\.m2\repository\org\apache\httpcomponents\httpclient\4.5.6\httpclient-4.5.6.jar;C:\Users\maxim.volostnov\.m2\repository\org\apache\httpcomponents\httpcore\4.4.10\httpcore-4.4.10.jar;C:\Users\maxim.volostnov\.m2\repository\commons-logging\commons-logging\1.2\commons-logging-1.2.jar;C:\Users\maxim.volostnov\.m2\repository\commons-codec\commons-codec\1.10\commons-codec-1.10.jar;C:\Users\maxim.volostnov\.m2\repository\org\rauschig\jarchivelib\1.0.0\jarchivelib-1.0.0.jar;C:\Users\maxim.volostnov\.m2\repository\org\apache\commons\commons-compress\1.18\commons-compress-1.18.jar;C:\Users\maxim.volostnov\.m2\repository\org\jsoup\jsoup\1.11.3\jsoup-1.11.3.jar;C:\Users\maxim.volostnov\.m2\repository\com\google\guava\guava\28.1-jre\guava-28.1-jre.jar;C:\Users\maxim.volostnov\.m2\repository\com\google\guava\failureaccess\1.0.1\failureaccess-1.0.1.jar;C:\Users\maxim.volostnov\.m2\repository\com\google\guava\listenablefuture\9999.0-empty-to-avoid-conflict-with-guava\listenablefuture-9999.0-empty-to-avoid-conflict-with-guava.jar;C:\Users\maxim.volostnov\.m2\repository\com\google\code\findbugs\jsr305\3.0.2\jsr305-3.0.2.jar;C:\Users\maxim.volostnov\.m2\repository\org\checkerframework\checker-qual\2.8.1\checker-qual-2.8.1.jar;C:\Users\maxim.volostnov\.m2\repository\com\google\errorprone\error_prone_annotations\2.3.2\error_prone_annotations-2.3.2.jar;C:\Users\maxim.volostnov\.m2\repository\com\google\j2objc\j2objc-annotations\1.3\j2objc-annotations-1.3.jar;C:\Users\maxim.volostnov\.m2\repository\org\codehaus\mojo\animal-sniffer-annotations\1.18\animal-sniffer-annotations-1.18.jar;C:\Users\maxim.volostnov\.m2\repository\org\slf4j\slf4j-api\1.7.5\slf4j-api-1.7.5.jar;C:\Users\maxim.volostnov\.m2\repository\org\slf4j\slf4j-simple\1.6.4\slf4j-simple-1.6.4.jar;C:\Users\maxim.volostnov\.m2\repository\com\aventstack\extentreports\3.1.5\extentreports-3.1.5.jar;C:\Users\maxim.volostnov\.m2\repository\org\freemarker\freemarker\2.3.23\freemarker-2.3.23.jar;C:\Users\maxim.volostnov\.m2\repository\org\mongodb\mongodb-driver\3.3.0\mongodb-driver-3.3.0.jar;C:\Users\maxim.volostnov\.m2\repository\org\mongodb\bson\3.3.0\bson-3.3.0.jar;C:\Users\maxim.volostnov\.m2\repository\org\mongodb\mongodb-driver-core\3.3.0\mongodb-driver-core-3.3.0.jar;C:\Users\maxim.volostnov\.m2\repository\org\apache\httpcomponents\httpmime\4.5.2\httpmime-4.5.2.jar;"/>
    <property name="java.vm.vendor" value="Oracle Corporation"/>
    <property name="sun.arch.data.model" value="64"/>
    <property name="user.variant" value=""/>
    <property name="java.vendor.url" value="http://java.oracle.com/"/>
    <property name="user.timezone" value="Europe/Minsk"/>
    <property name="java.vm.specification.version" value="1.8"/>
    <property name="os.name" value="Windows 10"/>
    <property name="user.country" value="US"/>
    <property name="sun.java.launcher" value="SUN_STANDARD"/>
    <property name="sun.boot.library.path" value="C:\Program Files\Java\jdk1.8.0_181\jre\bin"/>
    <property name="sun.java.command" value="C:\Users\MAXIM~1.VOL\AppData\Local\Temp\surefire3412904759104097781\surefirebooter3307242664080397376.jar C:\Users\maxim.volostnov\AppData\Local\Temp\surefire3412904759104097781 2019-12-26T13-01-12_259-jvmRun1 surefire7477612166970452133tmp surefire_0505835119569593611tmp"/>
    <property name="surefire.test.class.path" value="d:\Automation\GitHub\onlinertest\target\test-classes;d:\Automation\GitHub\onlinertest\target\classes;C:\Users\maxim.volostnov\.m2\repository\org\seleniumhq\selenium\selenium-java\3.141.59\selenium-java-3.141.59.jar;C:\Users\maxim.volostnov\.m2\repository\org\seleniumhq\selenium\selenium-api\3.141.59\selenium-api-3.141.59.jar;C:\Users\maxim.volostnov\.m2\repository\org\seleniumhq\selenium\selenium-chrome-driver\3.141.59\selenium-chrome-driver-3.141.59.jar;C:\Users\maxim.volostnov\.m2\repository\org\seleniumhq\selenium\selenium-edge-driver\3.141.59\selenium-edge-driver-3.141.59.jar;C:\Users\maxim.volostnov\.m2\repository\org\seleniumhq\selenium\selenium-firefox-driver\3.141.59\selenium-firefox-driver-3.141.59.jar;C:\Users\maxim.volostnov\.m2\repository\org\seleniumhq\selenium\selenium-ie-driver\3.141.59\selenium-ie-driver-3.141.59.jar;C:\Users\maxim.volostnov\.m2\repository\org\seleniumhq\selenium\selenium-opera-driver\3.141.59\selenium-opera-driver-3.141.59.jar;C:\Users\maxim.volostnov\.m2\repository\org\seleniumhq\selenium\selenium-remote-driver\3.141.59\selenium-remote-driver-3.141.59.jar;C:\Users\maxim.volostnov\.m2\repository\org\seleniumhq\selenium\selenium-safari-driver\3.141.59\selenium-safari-driver-3.141.59.jar;C:\Users\maxim.volostnov\.m2\repository\org\seleniumhq\selenium\selenium-support\3.141.59\selenium-support-3.141.59.jar;C:\Users\maxim.volostnov\.m2\repository\net\bytebuddy\byte-buddy\1.8.15\byte-buddy-1.8.15.jar;C:\Users\maxim.volostnov\.m2\repository\org\apache\commons\commons-exec\1.3\commons-exec-1.3.jar;C:\Users\maxim.volostnov\.m2\repository\com\squareup\okhttp3\okhttp\3.11.0\okhttp-3.11.0.jar;C:\Users\maxim.volostnov\.m2\repository\com\squareup\okio\okio\1.14.0\okio-1.14.0.jar;C:\Users\maxim.volostnov\.m2\repository\org\testng\testng\7.0.0\testng-7.0.0.jar;C:\Users\maxim.volostnov\.m2\repository\com\beust\jcommander\1.72\jcommander-1.72.jar;C:\Users\maxim.volostnov\.m2\repository\log4j\log4j\1.2.17\log4j-1.2.17.jar;C:\Users\maxim.volostnov\.m2\repository\org\projectlombok\lombok\1.18.10\lombok-1.18.10.jar;C:\Users\maxim.volostnov\.m2\repository\org\assertj\assertj-core\3.14.0\assertj-core-3.14.0.jar;C:\Users\maxim.volostnov\.m2\repository\io\github\bonigarcia\webdrivermanager\3.7.1\webdrivermanager-3.7.1.jar;C:\Users\maxim.volostnov\.m2\repository\commons-io\commons-io\2.6\commons-io-2.6.jar;C:\Users\maxim.volostnov\.m2\repository\com\google\code\gson\gson\2.8.5\gson-2.8.5.jar;C:\Users\maxim.volostnov\.m2\repository\org\apache\commons\commons-lang3\3.8.1\commons-lang3-3.8.1.jar;C:\Users\maxim.volostnov\.m2\repository\org\apache\httpcomponents\httpclient\4.5.6\httpclient-4.5.6.jar;C:\Users\maxim.volostnov\.m2\repository\org\apache\httpcomponents\httpcore\4.4.10\httpcore-4.4.10.jar;C:\Users\maxim.volostnov\.m2\repository\commons-logging\commons-logging\1.2\commons-logging-1.2.jar;C:\Users\maxim.volostnov\.m2\repository\commons-codec\commons-codec\1.10\commons-codec-1.10.jar;C:\Users\maxim.volostnov\.m2\repository\org\rauschig\jarchivelib\1.0.0\jarchivelib-1.0.0.jar;C:\Users\maxim.volostnov\.m2\repository\org\apache\commons\commons-compress\1.18\commons-compress-1.18.jar;C:\Users\maxim.volostnov\.m2\repository\org\jsoup\jsoup\1.11.3\jsoup-1.11.3.jar;C:\Users\maxim.volostnov\.m2\repository\com\google\guava\guava\28.1-jre\guava-28.1-jre.jar;C:\Users\maxim.volostnov\.m2\repository\com\google\guava\failureaccess\1.0.1\failureaccess-1.0.1.jar;C:\Users\maxim.volostnov\.m2\repository\com\google\guava\listenablefuture\9999.0-empty-to-avoid-conflict-with-guava\listenablefuture-9999.0-empty-to-avoid-conflict-with-guava.jar;C:\Users\maxim.volostnov\.m2\repository\com\google\code\findbugs\jsr305\3.0.2\jsr305-3.0.2.jar;C:\Users\maxim.volostnov\.m2\repository\org\checkerframework\checker-qual\2.8.1\checker-qual-2.8.1.jar;C:\Users\maxim.volostnov\.m2\repository\com\google\errorprone\error_prone_annotations\2.3.2\error_prone_annotations-2.3.2.jar;C:\Users\maxim.volostnov\.m2\repository\com\google\j2objc\j2objc-annotations\1.3\j2objc-annotations-1.3.jar;C:\Users\maxim.volostnov\.m2\repository\org\codehaus\mojo\animal-sniffer-annotations\1.18\animal-sniffer-annotations-1.18.jar;C:\Users\maxim.volostnov\.m2\repository\org\slf4j\slf4j-api\1.7.5\slf4j-api-1.7.5.jar;C:\Users\maxim.volostnov\.m2\repository\org\slf4j\slf4j-simple\1.6.4\slf4j-simple-1.6.4.jar;C:\Users\maxim.volostnov\.m2\repository\com\aventstack\extentreports\3.1.5\extentreports-3.1.5.jar;C:\Users\maxim.volostnov\.m2\repository\org\freemarker\freemarker\2.3.23\freemarker-2.3.23.jar;C:\Users\maxim.volostnov\.m2\repository\org\mongodb\mongodb-driver\3.3.0\mongodb-driver-3.3.0.jar;C:\Users\maxim.volostnov\.m2\repository\org\mongodb\bson\3.3.0\bson-3.3.0.jar;C:\Users\maxim.volostnov\.m2\repository\org\mongodb\mongodb-driver-core\3.3.0\mongodb-driver-core-3.3.0.jar;C:\Users\maxim.volostnov\.m2\repository\org\apache\httpcomponents\httpmime\4.5.2\httpmime-4.5.2.jar;"/>
    <property name="sun.cpu.endian" value="little"/>
    <property name="user.home" value="C:\Users\maxim.volostnov"/>
    <property name="user.language" value="en"/>
    <property name="java.specification.vendor" value="Oracle Corporation"/>
    <property name="java.home" value="C:\Program Files\Java\jdk1.8.0_181\jre"/>
    <property name="basedir" value="d:\Automation\GitHub\onlinertest"/>
    <property name="file.separator" value="\"/>
    <property name="line.separator" value="&#10;"/>
    <property name="java.vm.specification.vendor" value="Oracle Corporation"/>
    <property name="java.specification.name" value="Java Platform API Specification"/>
    <property name="java.awt.graphicsenv" value="sun.awt.Win32GraphicsEnvironment"/>
    <property name="surefire.real.class.path" value="C:\Users\MAXIM~1.VOL\AppData\Local\Temp\surefire3412904759104097781\surefirebooter3307242664080397376.jar"/>
    <property name="sun.boot.class.path" value="C:\Program Files\Java\jdk1.8.0_181\jre\lib\resources.jar;C:\Program Files\Java\jdk1.8.0_181\jre\lib\rt.jar;C:\Program Files\Java\jdk1.8.0_181\jre\lib\sunrsasign.jar;C:\Program Files\Java\jdk1.8.0_181\jre\lib\jsse.jar;C:\Program Files\Java\jdk1.8.0_181\jre\lib\jce.jar;C:\Program Files\Java\jdk1.8.0_181\jre\lib\charsets.jar;C:\Program Files\Java\jdk1.8.0_181\jre\lib\jfr.jar;C:\Program Files\Java\jdk1.8.0_181\jre\classes"/>
    <property name="user.script" value=""/>
    <property name="sun.management.compiler" value="HotSpot 64-Bit Tiered Compilers"/>
    <property name="java.runtime.version" value="1.8.0_181-b13"/>
    <property name="user.name" value="maxim.volostnov"/>
    <property name="path.separator" value=";"/>
    <property name="os.version" value="10.0"/>
    <property name="java.endorsed.dirs" value="C:\Program Files\Java\jdk1.8.0_181\jre\lib\endorsed"/>
    <property name="java.runtime.name" value="Java(TM) SE Runtime Environment"/>
    <property name="file.encoding" value="Cp1251"/>
    <property name="java.vm.name" value="Java HotSpot(TM) 64-Bit Server VM"/>
    <property name="localRepository" value="C:\Users\maxim.volostnov\.m2\repository"/>
    <property name="java.vendor.url.bug" value="http://bugreport.sun.com/bugreport/"/>
    <property name="java.io.tmpdir" value="C:\Users\MAXIM~1.VOL\AppData\Local\Temp\"/>
    <property name="java.version" value="1.8.0_181"/>
    <property name="user.dir" value="d:\Automation\GitHub\onlinertest"/>
    <property name="os.arch" value="amd64"/>
    <property name="java.vm.specification.name" value="Java Virtual Machine Specification"/>
    <property name="java.awt.printerjob" value="sun.awt.windows.WPrinterJob"/>
    <property name="sun.os.patch.level" value=""/>
    <property name="java.library.path" value="C:\Program Files\Java\jdk1.8.0_181\jre\bin;C:\WINDOWS\Sun\Java\bin;C:\WINDOWS\system32;C:\WINDOWS;C:\WINDOWS\system32;C:\WINDOWS;C:\WINDOWS\System32\Wbem;C:\WINDOWS\System32\WindowsPowerShell\v1.0\;C:\WINDOWS\System32\OpenSSH\;C:\Program Files (x86)\HP\IdrsOCR_15.2.10.1114\;C:\Program Files\Java\jdk1.8.0_181\\bin;c:\apache-maven-3.6.2\\bin;C:\Program Files\Git\cmd;C:\Program Files\TortoiseHg\;C:\Program Files\PuTTY\;C:\Users\maxim.volostnov\AppData\Local\Microsoft\WindowsApps;C:\Program Files (x86)\Sophos\Sophos SSL VPN Client\bin;C:\Users\maxim.volostnov\AppData\Local\GitHubDesktop\bin;."/>
    <property name="java.vm.info" value="mixed mode"/>
    <property name="java.vendor" value="Oracle Corporation"/>
    <property name="java.vm.version" value="25.181-b13"/>
    <property name="java.ext.dirs" value="C:\Program Files\Java\jdk1.8.0_181\jre\lib\ext;C:\WINDOWS\Sun\Java\lib\ext"/>
    <property name="sun.io.unicode.encoding" value="UnicodeLittle"/>
    <property name="java.class.version" value="52.0"/>
  </properties>
  <testcase name="dummyTest2" classname="by.onliner.test.suites.functional.RadiocontrolAirTest" time="0.005"/>
  <testcase name="radiocontrolAirTest" classname="by.onliner.test.suites.functional.RadiocontrolAirTest" time="16.645">
    <failure message="Expected condition failed: waiting for visibility of element located by By.xpath: //div[@class=&apos;schema-filter-button__state schema-filter-button__state_initial schema-filter-button__state_disabled schema-filter-button__state_control&apos;]//span[contains(text(),&apos;Найдено 1021&apos;)] (tried for 10 second(s) with 500 milliseconds interval)" type="org.openqa.selenium.TimeoutException">org.openqa.selenium.TimeoutException: Expected condition failed: waiting for visibility of element located by By.xpath: //div[@class='schema-filter-button__state schema-filter-button__state_initial schema-filter-button__state_disabled schema-filter-button__state_control']//span[contains(text(),'Найдено 1021')] (tried for 10 second(s) with 500 milliseconds interval)
	at by.onliner.test.suites.functional.RadiocontrolAirTest.radiocontrolAirTest(RadiocontrolAirTest.java:31)
Caused by: org.openqa.selenium.NoSuchElementException: 
no such element: Unable to locate element: {"method":"xpath","selector":"//div[@class='schema-filter-button__state schema-filter-button__state_initial schema-filter-button__state_disabled schema-filter-button__state_control']//span[contains(text(),'Найдено 1021')]"}
  (Session info: chrome=79.0.3945.88)
For documentation on this error, please visit: https://www.seleniumhq.org/exceptions/no_such_element.html
Build info: version: '3.141.59', revision: 'e82be7d358', time: '2018-11-14T08:17:03'
System info: host: 'BY-IT00034', ip: '10.227.6.97', os.name: 'Windows 10', os.arch: 'amd64', os.version: '10.0', java.version: '1.8.0_181'
Driver info: org.openqa.selenium.chrome.ChromeDriver
Capabilities {acceptInsecureCerts: false, browserName: chrome, browserVersion: 79.0.3945.88, chrome: {chromedriverVersion: 79.0.3945.36 (3582db32b3389..., userDataDir: C:\Users\MAXIM~1.VOL\AppDat...}, goog:chromeOptions: {debuggerAddress: localhost:51857}, javascriptEnabled: true, networkConnectionEnabled: false, pageLoadStrategy: normal, platform: WINDOWS, platformName: WINDOWS, proxy: Proxy(), setWindowRect: true, strictFileInteractability: false, timeouts: {implicit: 0, pageLoad: 300000, script: 30000}, unhandledPromptBehavior: dismiss and notify}
Session ID: b41f310be5d56a697a183e1e608b2d75
*** Element info: {Using=xpath, value=//div[@class='schema-filter-button__state schema-filter-button__state_initial schema-filter-button__state_disabled schema-filter-button__state_control']//span[contains(text(),'Найдено 1021')]}
	at by.onliner.test.suites.functional.RadiocontrolAirTest.radiocontrolAirTest(RadiocontrolAirTest.java:31)
</failure>
    <system-out><![CDATA[2019-12-26 13:01:27 INFO  BaseTest:62 - Open https://onliner.by/
2019-12-26 13:01:29 INFO  OnlinerHomePage:30 - Open Top Menu Section: Каталог
2019-12-26 13:01:29 INFO  OnlinerCatalogPage:44 - Select Catalog Category: Красота и спорт
2019-12-26 13:01:30 INFO  OnlinerCatalogPage:51 - Select Catalog SubCategory: Хобби
2019-12-26 13:01:32 INFO  OnlinerCatalogPage:58 - Select Catalog SubCategory: Радиоуправляемые авиамодели
2019-12-26 13:01:33 INFO  RadiocontrolAirPage:146 - Checking Page Header
2019-12-26 13:01:33 INFO  RadiocontrolAirPage:148 - Page header name is correct: Радиоуправляемые авиамодели
2019-12-26 13:01:33 INFO  RadiocontrolAirPage:71 - Scroll to Left Menu Element: Тип
2019-12-26 13:01:33 INFO  RadiocontrolAirPage:86 - Select Left Menu Item: квадрокоптер
2019-12-26 13:01:33 INFO  RadiocontrolAirPage:86 - Select Left Menu Item: пластик
2019-12-26 13:01:33 INFO  RadiocontrolAirPage:86 - Select Left Menu Item: металл
2019-12-26 13:01:33 INFO  RadiocontrolAirPage:109 - Set Minimal Range: 100
2019-12-26 13:01:33 INFO  RadiocontrolAirPage:71 - Scroll to Left Menu Element: Дальность действия, м
2019-12-26 13:01:33 INFO  RadiocontrolAirPage:115 - Open Additional Parameters
2019-12-26 13:01:34 INFO  RadiocontrolAirPage:86 - Select Left Menu Item: бесколлекторный
2019-12-26 13:01:34 INFO  RadiocontrolAirPage:157 - Verification that Number of Search Results is correct
]]></system-out>
  </testcase>
  <testcase name="dummyTest" classname="by.onliner.test.suites.functional.QuadrocopterSearchResultsTest" time="0.004">
    <failure message="expected [4] but found [2]" type="java.lang.AssertionError">java.lang.AssertionError: expected [4] but found [2]
	at by.onliner.test.suites.functional.QuadrocopterSearchResultsTest.dummyTest(QuadrocopterSearchResultsTest.java:22)
</failure>
    <system-out><![CDATA[Successfully captured a screenshot
2019-12-26 13:01:46 INFO  BaseTest:62 - Open https://onliner.by/
2019-12-26 13:01:46 INFO  QuadrocopterSearchResultsTest:21 -  !!! Startring test: Test #2 !!!
]]></system-out>
  </testcase>
</testsuite>