<?xml version="1.0" encoding="UTF-8"?>
<!-- Generated by org.testng.reporters.JUnitReportReporter -->
<testsuite skipped="0" hostname="BY-IT00034" name="by.onliner.test.suites.functional.RadiocontrolAirTest" tests="3" failures="0" timestamp="2020-01-17T12:09:56 MSK" time="50.867" errors="0">
  <testcase name="radiocontrolAirTest" time="24.681" classname="by.onliner.test.suites.functional.RadiocontrolAirTest"/>
  <testcase name="radiocontrolAirTest" time="24.148" classname="by.onliner.test.suites.functional.RadiocontrolAirTest"/>
  <testcase name="dummyTest2" time="2.038" classname="by.onliner.test.suites.functional.RadiocontrolAirTest"/>
</testsuite> <!-- by.onliner.test.suites.functional.RadiocontrolAirTest -->
