<?xml version="1.0" encoding="UTF-8"?>
<!-- Generated by org.testng.reporters.JUnitReportReporter -->
<testsuite skipped="0" hostname="BY-IT00034" name="by.onliner.test.suites.smoke.RCTest" tests="1" failures="0" timestamp="2020-01-21T14:46:18 MSK" time="11.082" errors="0">
  <testcase name="radiocontrolAirTest" time="11.082" classname="by.onliner.test.suites.smoke.RCTest"/>
</testsuite> <!-- by.onliner.test.suites.smoke.RCTest -->
