<?xml version="1.0" encoding="UTF-8"?>
<!-- Generated by org.testng.reporters.JUnitReportReporter -->
<testsuite skipped="0" hostname="BY-IT00034" name="by.onliner.test.suites.functional.QuadrocopterSearchResultsTest" tests="1" failures="0" timestamp="2020-01-17T12:09:56 MSK" time="1.733" errors="0">
  <testcase name="dummyTest" time="1.733" classname="by.onliner.test.suites.functional.QuadrocopterSearchResultsTest"/>
</testsuite> <!-- by.onliner.test.suites.functional.QuadrocopterSearchResultsTest -->
